character varying (1) 			SUBSTITUÍDO POR 	char
int 					SUBSTITUÍDO POR 	integer
number					SUBSTITUÍDO POR		numeric
float					SUBSTITUÍDO POR		numeric
sysdate					SUBSTITUÍDO POR		'now()'
Arthur.end				SUBSTITUÍDO POR		Arthur.endereco
Arthur.tel				SUBSTITUÍDO POR		Arthur.telefone
Rafael.FotoPolo				SUBSTITUÍDO POR		Rafael.PoloDistancia_Foto
Rafael.TelefonePolo			SUBSTITUÍDO POR		Rafael.PoloDistancia_Telefone
Edna.pessoa_contato			SUBSTITUÍDO POR		Edna.Pessoa_Telefone
Guilherme.reconhecimento_de_curso	SUBSTITUÍDO POR		Guilherme.ReconhecimentoDeCurso
Tiago.Realiza_CC_Re			SUBSTITUÍDO POR		RealizaCCRe

RA_estudante		SUBSTITUÍDO POR		Estudante_ra			EM 	JDias.RealizaACE
nome_At			SUBSTITUÍDO POR		AtComp_nome			EM	JDias.RealizaACE
sigla_departamento	SUBSTITUÍDO POR		Departamento_turma 		EM 	Gabriel.PertenceDD
codigo_disciplina	SUBSTITUÍDO POR		Disciplina_codigo		EM 	Gabriel.PertenceDD
turma_id		SUBSTITUÍDO POR		id				EM	Gabriel.Turma
codigo_disciplina	SUBSTITUÍDO POR		Disciplina_codigo		EM	Gabriel.Turma
codigo_docente		SUBSTITUÍDO POR		Docente_codigo			EM	Gabriel.Turma
id_turma		SUBSTITUÍDO POR		Turma_id			EM	Gabriel.Sala
codigo_disciplina	SUBSTITUÍDO POR		Turma_Disciplina_codigo 	EM	Gabriel.Sala	
RA_estudante		SUBSTITUÍDO POR		Estudante_ra			EM	Rafael.PoloDistancia
num_foto		SUBSTITUÍDO POR		numero				EM	Rafael.PoloDistancia_Foto
nome			SUBSTITUÍDO POR		PoloDistancia_nome		EM	Rafael.PoloDistancia_Foto
nome			SUBSTITUÍDO POR		PoloDistancia_nome		EM	Rafael.PoloDistancia_Telefone
cidade_nata_origem	SUBSTITUÍDO POR		origem_cidade			EM	Edna.Pessoa
pais_origem		SUBSTITUÍDO POR		origem_pais			EM 	Edna.Pessoa
rg			SUBSTITUÍDO POR		Pessoa_rg			EM	Edna.Pessoa_Telefone
rg			SUBSTITUÍDO POR		Pessoa_rg			EM	Edna.Pessoa_Endereco
CodDocente		SUBSTITUÍDO POR		codigo				EM	Osires.Docente
CodTA			SUBSTITUÍDO POR		codigo				EM 	Osires.TecAdm
rg			SUBSTITUÍDO POR		Docente_Pessoa_rg		EM	Osires.PertenceDND
CodNDocente		SUBSTITUÍDO POR		Nucleo_Docente_Codigo		EM	Osires.PertenceDND
CodDocente		SUBSTITUÍDO POR		Docente_codigo			EM	Osires.PertenceDND
data			SUBSTITUÍDO POR		periodo				EM 	Osires.PertenceDND
Realizacao		SUBSTITUÍDO POR		data_realizacao			EM 	Ilgner.Enade
Codigo_Disciplina	SUBSTITUÍDO POR		Disciplina_codigo		EM	Thalles.Compoe
Codigo_Curso		SUBSTITUÍDO POR		Curso_codigo (integer)		EM	Thalles.Compoe
Codigo_NDocente		SUBSTITUÍDO POR		Nucleo_Docente_codigo (integer)	EM	Thalles.Efetua
Codigo_Reuniao		SUBSTITUÍDO POR		Reuniao_codigo (integer)	EM	Thalles.Efetua
RA			SUBSTITUÍDO POR		Estudante_ra			EM	Thalles.Matriculado
Codigo_Curso		SUBSTITUÍDO POR		Curso_codigo (integer)		EM	Thalles.Matriculado
cod_rec_curso		SUBSTITUÍDO POR		codigo 				EM	Guilherme.ReconhecimentoDeCurso
data			SUBSTITUÍDO POR		periodo				EM	Guilherme.Visita
cod_rec_curso		SUBSTITUÍDO POR		ReconhecimentoDeCurso_codigo	EM	Guilherme.Visita
fase_id			SUBSTITUÍDO POR		id 				EM	Guilherme.Fase
data			SUBSTITUÍDO POR		periodo				EM	Guilherme.Fase
cod_rec_curso		SUBSTITUÍDO POR		ReconhecimentoDeCurso_codigo	EM	Guilherme.Fase
Id_conselho		SUBSTITUÍDO POR		Conselho_id			EM	Tiago.RealizaCCRe
Codigo_Reuniao		SUBSTITUÍDO POR		Reuniao_numero			EM	Tiago.RealizaCCRe
ra			SUBSTITUÍDO POR		Estudante_ra			EM 	Tiago.Cursa
Id_Turma		SUBSTITUÍDO POR		Turma_id			EM	Tiago.Cursa
Conselho_id		SUBSTITUÍDO POR		ConselhoCurso_id		EM	Tomas.PossuiCCND
nucleo_docente_codigo	SUBSTITUÍDO POR		NucleoDocente_codigo		EM	Tomas.PossuiCCND
data			SUBSTITUÍDO POR		periodo				EM	Tomas.PossuiRCF
data			SUBSTITUÍDO POR		periodo				EM	Tomas.Inscreve
id_turma		SUBSTITUÍDO POR		Turma_id			EM	Tomas.Inscreve
ra			SUBSTITUÍDO POR		Estudante_ra			EM	Tomas.Inscreve

origem_estado		ADICIONADO EM		Edna.Pessoa
Curso_codigo		ADICIONADO EM		Alexandre.ProjetoPoliticoPedagogico
Estudante_ra		ADICIONADO EM		Ilgner.Enade
Curso_codigo		ADICIONADO EM		Ilgner.Enade
Empresa_cnpj		ADICIONADO EM		Arthur.Estagia

